  Account.cpp
  main.cpp
C:\Users\pq220\바탕 화면\ATM_최종\ATM\main.cpp(185,51): warning C4244: '+=': '__int64'에서 'int'(으)로 변환하면서 데이터가 손실될 수 있습니다.
C:\Users\pq220\바탕 화면\ATM_최종\ATM\main.cpp(188,34): warning C4101: 'check' :참조되지 않은 지역 변수입니다.
C:\Users\pq220\바탕 화면\ATM_최종\ATM\main.cpp(600,51): warning C4244: '+=': '__int64'에서 'int'(으)로 변환하면서 데이터가 손실될 수 있습니다.
C:\Users\pq220\바탕 화면\ATM_최종\ATM\main.cpp(603,34): warning C4101: 'check' :참조되지 않은 지역 변수입니다.
C:\Users\pq220\바탕 화면\ATM_최종\ATM\main.cpp(904,67): warning C4244: '인수': '__int64'에서 'int'(으)로 변환하면서 데이터가 손실될 수 있습니다.
C:\Users\pq220\바탕 화면\ATM_최종\ATM\main.cpp(1336,32): warning C4101: 'gotPW' :참조되지 않은 지역 변수입니다.
C:\Users\pq220\바탕 화면\ATM_최종\ATM\main.cpp(1440,32): warning C4101: 'gotPW' :참조되지 않은 지역 변수입니다.
  Bank.cpp
C:\Users\pq220\바탕 화면\ATM_최종\ATM\Bank.cpp(27,24): warning C4267: 'return': 'size_t'에서 'int'(으)로 변환하면서 데이터가 손실될 수 있습니다.
  ATM.cpp
C:\Users\pq220\바탕 화면\ATM_최종\ATM\ATM.cpp(80,21): warning C4267: 'return': 'size_t'에서 'int'(으)로 변환하면서 데이터가 손실될 수 있습니다.
  MultiATM.cpp
  Session.cpp
  SingleATM.cpp
  User.cpp
  코드를 생성하고 있습니다...
C:\Users\pq220\바탕 화면\ATM_최종\ATM\main.cpp(467): warning C4715: 'Session::sessionTransferKorean': 모든 제어 경로에서 값을 반환하지는 않습니다.
C:\Users\pq220\바탕 화면\ATM_최종\ATM\main.cpp(882): warning C4715: 'Session::sessionTransferEnglish': 모든 제어 경로에서 값을 반환하지는 않습니다.
  ATM.vcxproj -> C:\Users\pq220\바탕 화면\ATM_최종\x64\Debug\ATM.exe
